\BOOKMARK [1][-]{section.1}{Background}{}% 1
\BOOKMARK [1][-]{section.2}{Problem Description}{}% 2
\BOOKMARK [1][-]{section.3}{Process}{}% 3
\BOOKMARK [2][-]{subsection.3.1}{Digit Recognition}{section.3}% 4
\BOOKMARK [3][-]{subsubsection.3.1.1}{Frameworks Used}{subsection.3.1}% 5
\BOOKMARK [3][-]{subsubsection.3.1.2}{Basic Neural Network}{subsection.3.1}% 6
\BOOKMARK [3][-]{subsubsection.3.1.3}{Convolutional Neural Network \(CNN\)}{subsection.3.1}% 7
\BOOKMARK [3][-]{subsubsection.3.1.4}{Improvement to CNN}{subsection.3.1}% 8
\BOOKMARK [3][-]{subsubsection.3.1.5}{Augmenting the training set}{subsection.3.1}% 9
\BOOKMARK [2][-]{subsection.3.2}{Image Segmentation}{section.3}% 10
\BOOKMARK [3][-]{subsubsection.3.2.1}{Process}{subsection.3.2}% 11
\BOOKMARK [3][-]{subsubsection.3.2.2}{MATLAB Algorithm}{subsection.3.2}% 12
\BOOKMARK [1][-]{section.4}{Experimental Results}{}% 13
\BOOKMARK [2][-]{subsection.4.1}{Digit Recognition}{section.4}% 14
\BOOKMARK [2][-]{subsection.4.2}{Image Segmentation}{section.4}% 15
\BOOKMARK [3][-]{subsubsection.4.2.1}{Better Boundaries}{subsection.4.2}% 16
\BOOKMARK [3][-]{subsubsection.4.2.2}{PCA for Segmentation}{subsection.4.2}% 17
\BOOKMARK [3][-]{subsubsection.4.2.3}{k-Means for Segmentation}{subsection.4.2}% 18
\BOOKMARK [3][-]{subsubsection.4.2.4}{Results}{subsection.4.2}% 19
\BOOKMARK [1][-]{section.5}{Discussion and Conclusion}{}% 20
\BOOKMARK [2][-]{subsection.5.1}{Scaling with Millions of Examples}{section.5}% 21
\BOOKMARK [2][-]{subsection.5.2}{Digit Recognition}{section.5}% 22
\BOOKMARK [2][-]{subsection.5.3}{Image Segmentation}{section.5}% 23
